Using pre-set license
Built from '2020.3/staging' branch; Version is '2020.3.10f1 (297d780c91bc) revision 2719096'; Using compiler version '192528614'; Build Type 'Release'
OS: 'Windows 10 Pro; OS build 19042.631; Version 2009; 64bit' Language: 'ru' Physical Memory: 8066 MB
BatchMode: 1, IsHumanControllingUs: 0, StartBugReporterOnCrash: 0, Is64bit: 1, IsPro: 0

 COMMAND LINE ARGUMENTS:
D:\UnitEngine\2020.3.10f1\Editor\Unity.exe
-adb2
-batchMode
-noUpm
-name
AssetImportWorker0
-projectPath
D:/Desktop/Projects/Unity/Special-Unit-13/Special Unit 13
-logFile
Logs/AssetImportWorker0.log
-srvPort
53068
Successfully changed project path to: D:/Desktop/Projects/Unity/Special-Unit-13/Special Unit 13
D:/Desktop/Projects/Unity/Special-Unit-13/Special Unit 13
Using Asset Import Pipeline V2.
Refreshing native plugins compatible for Editor in 79.85 ms, found 3 plugins.
Preloading 0 native plugins for Editor in 0.00 ms.
Initialize engine version: 2020.3.10f1 (297d780c91bc)
[Subsystems] Discovering subsystems at path D:/UnitEngine/2020.3.10f1/Editor/Data/Resources/UnitySubsystems
[Subsystems] Discovering subsystems at path D:/Desktop/Projects/Unity/Special-Unit-13/Special Unit 13/Assets
GfxDevice: creating device client; threaded=0
Direct3D:
    Version:  Direct3D 11.0 [level 11.0]
    Renderer: NVIDIA GeForce 940MX (ID=0x134d)
    Vendor:   
    VRAM:     2020 MB
    Driver:   23.21.13.8875
Initialize mono
Mono path[0] = 'D:/UnitEngine/2020.3.10f1/Editor/Data/Managed'
Mono path[1] = 'D:/UnitEngine/2020.3.10f1/Editor/Data/MonoBleedingEdge/lib/mono/unityjit'
Mono config path = 'D:/UnitEngine/2020.3.10f1/Editor/Data/MonoBleedingEdge/etc'
Using monoOptions --debugger-agent=transport=dt_socket,embedding=1,server=y,suspend=n,address=127.0.0.1:56852
Begin MonoManager ReloadAssembly
Registering precompiled unity dll's ...
Register platform support module: D:/UnitEngine/2020.3.10f1/Editor/Data/PlaybackEngines/WindowsStandaloneSupport/UnityEditor.WindowsStandalone.Extensions.dll
Registered in 0.001467 seconds.
Native extension for WindowsStandalone target not found
Refreshing native plugins compatible for Editor in 80.44 ms, found 3 plugins.
Preloading 0 native plugins for Editor in 0.00 ms.
Mono: successfully reloaded assembly
- Completed reload, in  2.745 seconds
Platform modules already initialized, skipping
Registering precompiled user dll's ...
Registered in 0.005851 seconds.
Begin MonoManager ReloadAssembly
Native extension for WindowsStandalone target not found
Refreshing native plugins compatible for Editor in 96.31 ms, found 3 plugins.
Preloading 0 native plugins for Editor in 0.00 ms.
Mono: successfully reloaded assembly
- Completed reload, in  2.151 seconds
Platform modules already initialized, skipping
========================================================================
Worker process is ready to serve import requests
Launched and connected shader compiler UnityShaderCompiler.exe after 0.06 seconds
Refreshing native plugins compatible for Editor in 0.66 ms, found 3 plugins.
Preloading 0 native plugins for Editor in 0.00 ms.
Unloading 2383 Unused Serialized files (Serialized files now loaded: 0)
System memory in use before: 103.6 MB.
System memory in use after: 103.6 MB.

Unloading 35 unused Assets to reduce memory usage. Loaded Objects now: 2819.
Total: 4.336200 ms (FindLiveObjects: 0.314300 ms CreateObjectMapping: 0.186800 ms MarkObjects: 3.638100 ms  DeleteObjects: 0.195300 ms)

========================================================================
Received Import Request.
  path: Assets/Scripts/Player/Input
  artifactKey: Guid(525772b68769ce345a659e0994ee98f9) Importer(815301076,1909f56bfc062723c751e8b465ee728b)
Start importing Assets/Scripts/Player/Input using Guid(525772b68769ce345a659e0994ee98f9) Importer(815301076,1909f56bfc062723c751e8b465ee728b)  -> (artifact id: 'f9bf43dd595caafd6100bfd9e0f41bc3') in 0.006437 seconds
  Import took 0.011932 seconds .

========================================================================
Received Import Request.
  Time since last request: 6.931716 seconds.
  path: Assets/Scripts/Player/Input/New Controls.inputactions
  artifactKey: Guid(baadaf140396aaa4d86f8332b3ba63a8) Importer(815301076,1909f56bfc062723c751e8b465ee728b)
Start importing Assets/Scripts/Player/Input/New Controls.inputactions using Guid(baadaf140396aaa4d86f8332b3ba63a8) Importer(815301076,1909f56bfc062723c751e8b465ee728b)  -> (artifact id: '8bb9b55c84e6da0638d288ee7eb6637a') in 0.046680 seconds
  Import took 0.054690 seconds .

========================================================================
Received Prepare
Registering precompiled user dll's ...
Registered in 0.007133 seconds.
Begin MonoManager ReloadAssembly
Native extension for WindowsStandalone target not found
Refreshing native plugins compatible for Editor in 0.68 ms, found 3 plugins.
Preloading 0 native plugins for Editor in 0.00 ms.
Mono: successfully reloaded assembly
- Completed reload, in  2.105 seconds
Platform modules already initialized, skipping
Refreshing native plugins compatible for Editor in 0.79 ms, found 3 plugins.
Preloading 0 native plugins for Editor in 0.00 ms.
Unloading 2378 Unused Serialized files (Serialized files now loaded: 0)
System memory in use before: 103.8 MB.
System memory in use after: 103.9 MB.

Unloading 21 unused Assets to reduce memory usage. Loaded Objects now: 2823.
Total: 4.418700 ms (FindLiveObjects: 0.324100 ms CreateObjectMapping: 0.157200 ms MarkObjects: 3.774300 ms  DeleteObjects: 0.158300 ms)

========================================================================
Received Import Request.
  Time since last request: 5845.314202 seconds.
  path: Assets/Scripts/Input/PlayerInputActions.inputactions
  artifactKey: Guid(dcbb3addb71df5d438fee96c26e2dad2) Importer(815301076,1909f56bfc062723c751e8b465ee728b)
Start importing Assets/Scripts/Input/PlayerInputActions.inputactions using Guid(dcbb3addb71df5d438fee96c26e2dad2) Importer(815301076,1909f56bfc062723c751e8b465ee728b)  -> (artifact id: '21e9441a01aceca94cbaaf3b5c91a71b') in 0.036357 seconds
  Import took 0.044487 seconds .

========================================================================
Received Import Request.
  Time since last request: 9.552152 seconds.
  path: Assets/Scripts/Input Actions
  artifactKey: Guid(525772b68769ce345a659e0994ee98f9) Importer(815301076,1909f56bfc062723c751e8b465ee728b)
Start importing Assets/Scripts/Input Actions using Guid(525772b68769ce345a659e0994ee98f9) Importer(815301076,1909f56bfc062723c751e8b465ee728b)  -> (artifact id: '76a84db87eb083ee850149f8f66795d1') in 0.002569 seconds
  Import took 0.011097 seconds .

========================================================================
Received Import Request.
  Time since last request: 604.443336 seconds.
  path: Assets/Scripts/Input Actions/PlayerInputActions.inputactions
  artifactKey: Guid(dcbb3addb71df5d438fee96c26e2dad2) Importer(815301076,1909f56bfc062723c751e8b465ee728b)
Start importing Assets/Scripts/Input Actions/PlayerInputActions.inputactions using Guid(dcbb3addb71df5d438fee96c26e2dad2) Importer(815301076,1909f56bfc062723c751e8b465ee728b)  -> (artifact id: 'dce5cf499ecbfb48551d37caf8c4a717') in 0.012565 seconds
  Import took 0.022703 seconds .

========================================================================
Received Import Request.
  Time since last request: 78.662991 seconds.
  path: Assets/Scripts/Input Actions/PlayerInputActions.inputactions
  artifactKey: Guid(dcbb3addb71df5d438fee96c26e2dad2) Importer(815301076,1909f56bfc062723c751e8b465ee728b)
Start importing Assets/Scripts/Input Actions/PlayerInputActions.inputactions using Guid(dcbb3addb71df5d438fee96c26e2dad2) Importer(815301076,1909f56bfc062723c751e8b465ee728b)  -> (artifact id: 'cbef31c16bf6366137cb47f396fbad76') in 0.004374 seconds
  Import took 0.014090 seconds .

========================================================================
Received Prepare
Registering precompiled user dll's ...
Registered in 0.010898 seconds.
Begin MonoManager ReloadAssembly
Native extension for WindowsStandalone target not found
Refreshing native plugins compatible for Editor in 0.67 ms, found 3 plugins.
Preloading 0 native plugins for Editor in 0.00 ms.
Mono: successfully reloaded assembly
- Completed reload, in  2.671 seconds
Platform modules already initialized, skipping
Refreshing native plugins compatible for Editor in 0.67 ms, found 3 plugins.
Preloading 0 native plugins for Editor in 0.00 ms.
Unloading 2379 Unused Serialized files (Serialized files now loaded: 0)
System memory in use before: 103.9 MB.
System memory in use after: 103.9 MB.

Unloading 21 unused Assets to reduce memory usage. Loaded Objects now: 2828.
Total: 4.103900 ms (FindLiveObjects: 0.347800 ms CreateObjectMapping: 0.211000 ms MarkObjects: 3.378700 ms  DeleteObjects: 0.164900 ms)

========================================================================
Received Import Request.
  Time since last request: 11.827163 seconds.
  path: Assets/Scripts/Input Actions/PlayerInputActions.cs
  artifactKey: Guid(76951b3820191c143bff11310d456b62) Importer(815301076,1909f56bfc062723c751e8b465ee728b)
Start importing Assets/Scripts/Input Actions/PlayerInputActions.cs using Guid(76951b3820191c143bff11310d456b62) Importer(815301076,1909f56bfc062723c751e8b465ee728b)  -> (artifact id: '1fe0ab691243962a3d9a0e2c207f9606') in 0.022725 seconds
  Import took 0.029565 seconds .

========================================================================
Received Prepare
Registering precompiled user dll's ...
Registered in 0.005130 seconds.
Begin MonoManager ReloadAssembly
Native extension for WindowsStandalone target not found
Refreshing native plugins compatible for Editor in 0.68 ms, found 3 plugins.
Preloading 0 native plugins for Editor in 0.00 ms.
Mono: successfully reloaded assembly
- Completed reload, in  2.090 seconds
Platform modules already initialized, skipping
Refreshing native plugins compatible for Editor in 0.78 ms, found 3 plugins.
Preloading 0 native plugins for Editor in 0.00 ms.
Unloading 2379 Unused Serialized files (Serialized files now loaded: 0)
System memory in use before: 103.9 MB.
System memory in use after: 104.0 MB.

Unloading 21 unused Assets to reduce memory usage. Loaded Objects now: 2832.
Total: 4.393900 ms (FindLiveObjects: 0.316500 ms CreateObjectMapping: 0.195200 ms MarkObjects: 3.703700 ms  DeleteObjects: 0.175800 ms)

========================================================================
Received Prepare
Registering precompiled user dll's ...
Registered in 0.006639 seconds.
Begin MonoManager ReloadAssembly
Native extension for WindowsStandalone target not found
Refreshing native plugins compatible for Editor in 1.06 ms, found 3 plugins.
Preloading 0 native plugins for Editor in 0.00 ms.
Mono: successfully reloaded assembly
- Completed reload, in  1.991 seconds
Platform modules already initialized, skipping
Refreshing native plugins compatible for Editor in 1.08 ms, found 3 plugins.
Preloading 0 native plugins for Editor in 0.00 ms.
Unloading 2379 Unused Serialized files (Serialized files now loaded: 0)
System memory in use before: 103.9 MB.
System memory in use after: 104.0 MB.

Unloading 21 unused Assets to reduce memory usage. Loaded Objects now: 2836.
Total: 5.598000 ms (FindLiveObjects: 0.468700 ms CreateObjectMapping: 0.239500 ms MarkObjects: 4.730800 ms  DeleteObjects: 0.156600 ms)

========================================================================
Received Prepare
Registering precompiled user dll's ...
Registered in 0.004849 seconds.
Begin MonoManager ReloadAssembly
Native extension for WindowsStandalone target not found
Refreshing native plugins compatible for Editor in 1.22 ms, found 3 plugins.
Preloading 0 native plugins for Editor in 0.00 ms.
Mono: successfully reloaded assembly
- Completed reload, in  1.844 seconds
Platform modules already initialized, skipping
Refreshing native plugins compatible for Editor in 1.03 ms, found 3 plugins.
Preloading 0 native plugins for Editor in 0.00 ms.
Unloading 2379 Unused Serialized files (Serialized files now loaded: 0)
System memory in use before: 103.8 MB.
System memory in use after: 103.9 MB.

Unloading 21 unused Assets to reduce memory usage. Loaded Objects now: 2840.
Total: 4.513300 ms (FindLiveObjects: 0.474200 ms CreateObjectMapping: 0.212000 ms MarkObjects: 3.647600 ms  DeleteObjects: 0.177200 ms)

========================================================================
Received Prepare
Registering precompiled user dll's ...
Registered in 0.007415 seconds.
Begin MonoManager ReloadAssembly
Native extension for WindowsStandalone target not found
Refreshing native plugins compatible for Editor in 0.69 ms, found 3 plugins.
Preloading 0 native plugins for Editor in 0.00 ms.
Mono: successfully reloaded assembly
- Completed reload, in  1.999 seconds
Platform modules already initialized, skipping
Refreshing native plugins compatible for Editor in 0.89 ms, found 3 plugins.
Preloading 0 native plugins for Editor in 0.00 ms.
Unloading 2379 Unused Serialized files (Serialized files now loaded: 0)
System memory in use before: 103.9 MB.
System memory in use after: 104.0 MB.

Unloading 21 unused Assets to reduce memory usage. Loaded Objects now: 2844.
Total: 3.861900 ms (FindLiveObjects: 0.305700 ms CreateObjectMapping: 0.171200 ms MarkObjects: 3.223200 ms  DeleteObjects: 0.159600 ms)

========================================================================
Received Prepare
Registering precompiled user dll's ...
Registered in 0.005137 seconds.
Begin MonoManager ReloadAssembly
Native extension for WindowsStandalone target not found
Refreshing native plugins compatible for Editor in 0.70 ms, found 3 plugins.
Preloading 0 native plugins for Editor in 0.00 ms.
Mono: successfully reloaded assembly
- Completed reload, in  1.918 seconds
Platform modules already initialized, skipping
Refreshing native plugins compatible for Editor in 0.65 ms, found 3 plugins.
Preloading 0 native plugins for Editor in 0.00 ms.
Unloading 2379 Unused Serialized files (Serialized files now loaded: 0)
System memory in use before: 104.0 MB.
System memory in use after: 104.0 MB.

Unloading 21 unused Assets to reduce memory usage. Loaded Objects now: 2848.
Total: 5.165400 ms (FindLiveObjects: 0.370300 ms CreateObjectMapping: 0.216500 ms MarkObjects: 4.365600 ms  DeleteObjects: 0.210800 ms)

========================================================================
Received Import Request.
  Time since last request: 1134.149373 seconds.
  path: Assets/Prefabs/Guns/Bullet.prefab
  artifactKey: Guid(944685df4fd91ce4185e6201d5b616bb) Importer(815301076,1909f56bfc062723c751e8b465ee728b)
Start importing Assets/Prefabs/Guns/Bullet.prefab using Guid(944685df4fd91ce4185e6201d5b616bb) Importer(815301076,1909f56bfc062723c751e8b465ee728b)  -> (artifact id: 'cce5a26b85c6cef096b9ce39b14032bb') in 0.191182 seconds
  Import took 0.198039 seconds .

========================================================================
Received Prepare
Registering precompiled user dll's ...
Registered in 0.005433 seconds.
Begin MonoManager ReloadAssembly
Native extension for WindowsStandalone target not found
Refreshing native plugins compatible for Editor in 0.69 ms, found 3 plugins.
Preloading 0 native plugins for Editor in 0.00 ms.
Mono: successfully reloaded assembly
- Completed reload, in  1.840 seconds
Platform modules already initialized, skipping
Refreshing native plugins compatible for Editor in 0.68 ms, found 3 plugins.
Preloading 0 native plugins for Editor in 0.00 ms.
Unloading 2379 Unused Serialized files (Serialized files now loaded: 0)
System memory in use before: 106.9 MB.
System memory in use after: 107.0 MB.

Unloading 21 unused Assets to reduce memory usage. Loaded Objects now: 2859.
Total: 4.234700 ms (FindLiveObjects: 0.325100 ms CreateObjectMapping: 0.169000 ms MarkObjects: 3.520700 ms  DeleteObjects: 0.217500 ms)

========================================================================
Received Prepare
Registering precompiled user dll's ...
Registered in 0.004921 seconds.
Begin MonoManager ReloadAssembly
Native extension for WindowsStandalone target not found
Refreshing native plugins compatible for Editor in 0.77 ms, found 3 plugins.
Preloading 0 native plugins for Editor in 0.00 ms.
Mono: successfully reloaded assembly
- Completed reload, in  1.932 seconds
Platform modules already initialized, skipping
Refreshing native plugins compatible for Editor in 0.68 ms, found 3 plugins.
Preloading 0 native plugins for Editor in 0.00 ms.
Unloading 2379 Unused Serialized files (Serialized files now loaded: 0)
System memory in use before: 106.9 MB.
System memory in use after: 107.0 MB.

Unloading 21 unused Assets to reduce memory usage. Loaded Objects now: 2863.
Total: 4.162500 ms (FindLiveObjects: 0.322000 ms CreateObjectMapping: 0.172400 ms MarkObjects: 3.509500 ms  DeleteObjects: 0.156800 ms)

========================================================================
Received Prepare
Registering precompiled user dll's ...
Registered in 0.003737 seconds.
Begin MonoManager ReloadAssembly
Native extension for WindowsStandalone target not found
Refreshing native plugins compatible for Editor in 0.69 ms, found 3 plugins.
Preloading 0 native plugins for Editor in 0.00 ms.
Mono: successfully reloaded assembly
- Completed reload, in  2.060 seconds
Platform modules already initialized, skipping
Refreshing native plugins compatible for Editor in 0.67 ms, found 3 plugins.
Preloading 0 native plugins for Editor in 0.00 ms.
Unloading 2379 Unused Serialized files (Serialized files now loaded: 0)
System memory in use before: 106.9 MB.
System memory in use after: 106.9 MB.

Unloading 21 unused Assets to reduce memory usage. Loaded Objects now: 2867.
Total: 5.404500 ms (FindLiveObjects: 0.322800 ms CreateObjectMapping: 0.174400 ms MarkObjects: 4.741000 ms  DeleteObjects: 0.164400 ms)

========================================================================
Received Prepare
Registering precompiled user dll's ...
Registered in 0.004198 seconds.
Begin MonoManager ReloadAssembly
Native extension for WindowsStandalone target not found
Refreshing native plugins compatible for Editor in 0.67 ms, found 3 plugins.
Preloading 0 native plugins for Editor in 0.00 ms.
Mono: successfully reloaded assembly
- Completed reload, in  2.069 seconds
Platform modules already initialized, skipping
Refreshing native plugins compatible for Editor in 0.68 ms, found 3 plugins.
Preloading 0 native plugins for Editor in 0.00 ms.
Unloading 2379 Unused Serialized files (Serialized files now loaded: 0)
System memory in use before: 107.0 MB.
System memory in use after: 107.1 MB.

Unloading 21 unused Assets to reduce memory usage. Loaded Objects now: 2871.
Total: 4.902600 ms (FindLiveObjects: 0.625400 ms CreateObjectMapping: 0.479900 ms MarkObjects: 3.644500 ms  DeleteObjects: 0.150600 ms)

========================================================================
Received Prepare
Registering precompiled user dll's ...
Registered in 0.005376 seconds.
Begin MonoManager ReloadAssembly
Native extension for WindowsStandalone target not found
Refreshing native plugins compatible for Editor in 0.73 ms, found 3 plugins.
Preloading 0 native plugins for Editor in 0.00 ms.
Mono: successfully reloaded assembly
- Completed reload, in  1.990 seconds
Platform modules already initialized, skipping
Refreshing native plugins compatible for Editor in 0.67 ms, found 3 plugins.
Preloading 0 native plugins for Editor in 0.00 ms.
Unloading 2379 Unused Serialized files (Serialized files now loaded: 0)
System memory in use before: 107.0 MB.
System memory in use after: 107.1 MB.

Unloading 21 unused Assets to reduce memory usage. Loaded Objects now: 2875.
Total: 4.430200 ms (FindLiveObjects: 0.331400 ms CreateObjectMapping: 0.178100 ms MarkObjects: 3.764500 ms  DeleteObjects: 0.154500 ms)

========================================================================
Received Prepare
Registering precompiled user dll's ...
Registered in 0.013989 seconds.
Begin MonoManager ReloadAssembly
Native extension for WindowsStandalone target not found
Refreshing native plugins compatible for Editor in 0.78 ms, found 3 plugins.
Preloading 0 native plugins for Editor in 0.00 ms.
Mono: successfully reloaded assembly
- Completed reload, in  1.936 seconds
Platform modules already initialized, skipping
Refreshing native plugins compatible for Editor in 0.65 ms, found 3 plugins.
Preloading 0 native plugins for Editor in 0.00 ms.
Unloading 2379 Unused Serialized files (Serialized files now loaded: 0)
System memory in use before: 107.0 MB.
System memory in use after: 107.1 MB.

Unloading 21 unused Assets to reduce memory usage. Loaded Objects now: 2879.
Total: 6.241400 ms (FindLiveObjects: 0.604500 ms CreateObjectMapping: 0.295500 ms MarkObjects: 5.079200 ms  DeleteObjects: 0.258700 ms)

========================================================================
Received Prepare
Registering precompiled user dll's ...
Registered in 0.005590 seconds.
Begin MonoManager ReloadAssembly
Native extension for WindowsStandalone target not found
Refreshing native plugins compatible for Editor in 0.69 ms, found 3 plugins.
Preloading 0 native plugins for Editor in 0.00 ms.
Mono: successfully reloaded assembly
- Completed reload, in  1.841 seconds
Platform modules already initialized, skipping
Refreshing native plugins compatible for Editor in 0.65 ms, found 3 plugins.
Preloading 0 native plugins for Editor in 0.00 ms.
Unloading 2379 Unused Serialized files (Serialized files now loaded: 0)
System memory in use before: 107.0 MB.
System memory in use after: 107.1 MB.

Unloading 21 unused Assets to reduce memory usage. Loaded Objects now: 2883.
Total: 4.674700 ms (FindLiveObjects: 0.328300 ms CreateObjectMapping: 0.167300 ms MarkObjects: 4.022800 ms  DeleteObjects: 0.154300 ms)

========================================================================
Received Prepare
Registering precompiled user dll's ...
Registered in 0.003946 seconds.
Begin MonoManager ReloadAssembly
Native extension for WindowsStandalone target not found
Refreshing native plugins compatible for Editor in 0.65 ms, found 3 plugins.
Preloading 0 native plugins for Editor in 0.00 ms.
Mono: successfully reloaded assembly
- Completed reload, in  1.836 seconds
Platform modules already initialized, skipping
Refreshing native plugins compatible for Editor in 0.72 ms, found 3 plugins.
Preloading 0 native plugins for Editor in 0.00 ms.
Unloading 2379 Unused Serialized files (Serialized files now loaded: 0)
System memory in use before: 106.9 MB.
System memory in use after: 107.0 MB.

Unloading 21 unused Assets to reduce memory usage. Loaded Objects now: 2887.
Total: 5.731500 ms (FindLiveObjects: 0.462700 ms CreateObjectMapping: 0.279300 ms MarkObjects: 4.823100 ms  DeleteObjects: 0.163900 ms)

========================================================================
Received Prepare
Registering precompiled user dll's ...
Registered in 0.004718 seconds.
Begin MonoManager ReloadAssembly
Native extension for WindowsStandalone target not found
Refreshing native plugins compatible for Editor in 0.67 ms, found 3 plugins.
Preloading 0 native plugins for Editor in 0.00 ms.
Mono: successfully reloaded assembly
- Completed reload, in  1.821 seconds
Platform modules already initialized, skipping
Refreshing native plugins compatible for Editor in 0.64 ms, found 3 plugins.
Preloading 0 native plugins for Editor in 0.00 ms.
Unloading 2379 Unused Serialized files (Serialized files now loaded: 0)
System memory in use before: 107.0 MB.
System memory in use after: 107.1 MB.

Unloading 21 unused Assets to reduce memory usage. Loaded Objects now: 2891.
Total: 3.783600 ms (FindLiveObjects: 0.308400 ms CreateObjectMapping: 0.154500 ms MarkObjects: 3.163800 ms  DeleteObjects: 0.155200 ms)

========================================================================
Received Prepare
Registering precompiled user dll's ...
Registered in 0.004249 seconds.
Begin MonoManager ReloadAssembly
Native extension for WindowsStandalone target not found
Refreshing native plugins compatible for Editor in 0.76 ms, found 3 plugins.
Preloading 0 native plugins for Editor in 0.00 ms.
Mono: successfully reloaded assembly
- Completed reload, in  1.788 seconds
Platform modules already initialized, skipping
Refreshing native plugins compatible for Editor in 0.66 ms, found 3 plugins.
Preloading 0 native plugins for Editor in 0.00 ms.
Unloading 2379 Unused Serialized files (Serialized files now loaded: 0)
System memory in use before: 107.0 MB.
System memory in use after: 107.1 MB.

Unloading 21 unused Assets to reduce memory usage. Loaded Objects now: 2895.
Total: 4.294800 ms (FindLiveObjects: 0.324500 ms CreateObjectMapping: 0.165000 ms MarkObjects: 3.639900 ms  DeleteObjects: 0.163900 ms)

========================================================================
Received Prepare
Registering precompiled user dll's ...
Registered in 0.003848 seconds.
Begin MonoManager ReloadAssembly
Native extension for WindowsStandalone target not found
Refreshing native plugins compatible for Editor in 0.69 ms, found 3 plugins.
Preloading 0 native plugins for Editor in 0.00 ms.
Mono: successfully reloaded assembly
- Completed reload, in  1.871 seconds
Platform modules already initialized, skipping
Refreshing native plugins compatible for Editor in 1.14 ms, found 3 plugins.
Preloading 0 native plugins for Editor in 0.00 ms.
Unloading 2379 Unused Serialized files (Serialized files now loaded: 0)
System memory in use before: 107.1 MB.
System memory in use after: 107.1 MB.

Unloading 21 unused Assets to reduce memory usage. Loaded Objects now: 2899.
Total: 5.783300 ms (FindLiveObjects: 0.406300 ms CreateObjectMapping: 0.290900 ms MarkObjects: 4.855000 ms  DeleteObjects: 0.227400 ms)

========================================================================
Received Prepare
Registering precompiled user dll's ...
Registered in 0.007566 seconds.
Begin MonoManager ReloadAssembly
Native extension for WindowsStandalone target not found
Refreshing native plugins compatible for Editor in 0.71 ms, found 3 plugins.
Preloading 0 native plugins for Editor in 0.00 ms.
Mono: successfully reloaded assembly
- Completed reload, in  1.889 seconds
Platform modules already initialized, skipping
Refreshing native plugins compatible for Editor in 0.66 ms, found 3 plugins.
Preloading 0 native plugins for Editor in 0.00 ms.
Unloading 2379 Unused Serialized files (Serialized files now loaded: 0)
System memory in use before: 107.1 MB.
System memory in use after: 107.2 MB.

Unloading 21 unused Assets to reduce memory usage. Loaded Objects now: 2903.
Total: 4.456000 ms (FindLiveObjects: 0.359800 ms CreateObjectMapping: 0.185500 ms MarkObjects: 3.751900 ms  DeleteObjects: 0.156900 ms)

========================================================================
Received Import Request.
  Time since last request: 1255.631030 seconds.
  path: Assets/Scripts/Input Actions/PlayerInputActions.inputactions
  artifactKey: Guid(dcbb3addb71df5d438fee96c26e2dad2) Importer(815301076,1909f56bfc062723c751e8b465ee728b)
Start importing Assets/Scripts/Input Actions/PlayerInputActions.inputactions using Guid(dcbb3addb71df5d438fee96c26e2dad2) Importer(815301076,1909f56bfc062723c751e8b465ee728b)  -> (artifact id: '4820279643f88b205957a15b1b1f8e7c') in 0.046743 seconds
  Import took 0.053567 seconds .

========================================================================
Received Import Request.
  Time since last request: 0.112246 seconds.
  path: Assets/Scripts/Input Actions/PlayerInputActions.inputactions
  artifactKey: Guid(dcbb3addb71df5d438fee96c26e2dad2) Importer(815301076,1909f56bfc062723c751e8b465ee728b)
Start importing Assets/Scripts/Input Actions/PlayerInputActions.inputactions using Guid(dcbb3addb71df5d438fee96c26e2dad2) Importer(815301076,1909f56bfc062723c751e8b465ee728b)  -> (artifact id: '4820279643f88b205957a15b1b1f8e7c') in 0.008195 seconds
  Import took 0.016039 seconds .

========================================================================
Received Prepare
Registering precompiled user dll's ...
Registered in 0.005240 seconds.
Begin MonoManager ReloadAssembly
Native extension for WindowsStandalone target not found
Refreshing native plugins compatible for Editor in 0.75 ms, found 3 plugins.
Preloading 0 native plugins for Editor in 0.00 ms.
Mono: successfully reloaded assembly
- Completed reload, in  1.925 seconds
Platform modules already initialized, skipping
Refreshing native plugins compatible for Editor in 0.88 ms, found 3 plugins.
Preloading 0 native plugins for Editor in 0.00 ms.
Unloading 2379 Unused Serialized files (Serialized files now loaded: 0)
System memory in use before: 107.0 MB.
System memory in use after: 107.1 MB.

Unloading 21 unused Assets to reduce memory usage. Loaded Objects now: 2907.
Total: 4.462600 ms (FindLiveObjects: 0.328300 ms CreateObjectMapping: 0.177200 ms MarkObjects: 3.801300 ms  DeleteObjects: 0.154300 ms)

========================================================================
Received Import Request.
  Time since last request: 7.617193 seconds.
  path: Assets/Scripts/Input Actions/PlayerInputActions.cs
  artifactKey: Guid(76951b3820191c143bff11310d456b62) Importer(815301076,1909f56bfc062723c751e8b465ee728b)
Start importing Assets/Scripts/Input Actions/PlayerInputActions.cs using Guid(76951b3820191c143bff11310d456b62) Importer(815301076,1909f56bfc062723c751e8b465ee728b)  -> (artifact id: '6709244f1c066f6c34dd85ec46f6fc8c') in 0.006837 seconds
  Import took 0.013133 seconds .

========================================================================
Received Import Request.
  Time since last request: 0.045576 seconds.
  path: Assets/Scripts/Input Actions/PlayerInputActions.cs
  artifactKey: Guid(76951b3820191c143bff11310d456b62) Importer(815301076,1909f56bfc062723c751e8b465ee728b)
Start importing Assets/Scripts/Input Actions/PlayerInputActions.cs using Guid(76951b3820191c143bff11310d456b62) Importer(815301076,1909f56bfc062723c751e8b465ee728b)  -> (artifact id: '6709244f1c066f6c34dd85ec46f6fc8c') in 0.002327 seconds
  Import took 0.010154 seconds .

========================================================================
Received Prepare
Registering precompiled user dll's ...
Registered in 0.003828 seconds.
Begin MonoManager ReloadAssembly
Native extension for WindowsStandalone target not found
Refreshing native plugins compatible for Editor in 0.68 ms, found 3 plugins.
Preloading 0 native plugins for Editor in 0.00 ms.
Mono: successfully reloaded assembly
- Completed reload, in  1.814 seconds
Platform modules already initialized, skipping
Refreshing native plugins compatible for Editor in 0.65 ms, found 3 plugins.
Preloading 0 native plugins for Editor in 0.00 ms.
Unloading 2379 Unused Serialized files (Serialized files now loaded: 0)
System memory in use before: 107.1 MB.
System memory in use after: 107.2 MB.

Unloading 21 unused Assets to reduce memory usage. Loaded Objects now: 2911.
Total: 3.824000 ms (FindLiveObjects: 0.336600 ms CreateObjectMapping: 0.168600 ms MarkObjects: 3.156000 ms  DeleteObjects: 0.160900 ms)

========================================================================
Received Prepare
Registering precompiled user dll's ...
Registered in 0.005079 seconds.
Begin MonoManager ReloadAssembly
Native extension for WindowsStandalone target not found
Refreshing native plugins compatible for Editor in 0.80 ms, found 3 plugins.
Preloading 0 native plugins for Editor in 0.00 ms.
Mono: successfully reloaded assembly
- Completed reload, in  1.788 seconds
Platform modules already initialized, skipping
Refreshing native plugins compatible for Editor in 0.76 ms, found 3 plugins.
Preloading 0 native plugins for Editor in 0.00 ms.
Unloading 2379 Unused Serialized files (Serialized files now loaded: 0)
System memory in use before: 107.2 MB.
System memory in use after: 107.2 MB.

Unloading 21 unused Assets to reduce memory usage. Loaded Objects now: 2915.
Total: 4.391400 ms (FindLiveObjects: 0.328800 ms CreateObjectMapping: 0.159900 ms MarkObjects: 3.748700 ms  DeleteObjects: 0.152100 ms)

========================================================================
Received Prepare
Registering precompiled user dll's ...
Registered in 0.006364 seconds.
Begin MonoManager ReloadAssembly
Native extension for WindowsStandalone target not found
Refreshing native plugins compatible for Editor in 0.67 ms, found 3 plugins.
Preloading 0 native plugins for Editor in 0.00 ms.
Mono: successfully reloaded assembly
- Completed reload, in  1.749 seconds
Platform modules already initialized, skipping
Refreshing native plugins compatible for Editor in 0.81 ms, found 3 plugins.
Preloading 0 native plugins for Editor in 0.00 ms.
Unloading 2379 Unused Serialized files (Serialized files now loaded: 0)
System memory in use before: 107.2 MB.
System memory in use after: 107.2 MB.

Unloading 21 unused Assets to reduce memory usage. Loaded Objects now: 2919.
Total: 4.226300 ms (FindLiveObjects: 0.452600 ms CreateObjectMapping: 0.210400 ms MarkObjects: 3.406300 ms  DeleteObjects: 0.154900 ms)

========================================================================
Received Prepare
Registering precompiled user dll's ...
Registered in 0.006336 seconds.
Begin MonoManager ReloadAssembly
Native extension for WindowsStandalone target not found
Refreshing native plugins compatible for Editor in 0.67 ms, found 3 plugins.
Preloading 0 native plugins for Editor in 0.00 ms.
Mono: successfully reloaded assembly
- Completed reload, in  1.787 seconds
Platform modules already initialized, skipping
Refreshing native plugins compatible for Editor in 0.68 ms, found 3 plugins.
Preloading 0 native plugins for Editor in 0.00 ms.
Unloading 2379 Unused Serialized files (Serialized files now loaded: 0)
System memory in use before: 107.2 MB.
System memory in use after: 107.3 MB.

Unloading 21 unused Assets to reduce memory usage. Loaded Objects now: 2923.
Total: 4.258900 ms (FindLiveObjects: 0.331300 ms CreateObjectMapping: 0.167100 ms MarkObjects: 3.591800 ms  DeleteObjects: 0.166700 ms)

========================================================================
Received Prepare
Registering precompiled user dll's ...
Registered in 0.005395 seconds.
Begin MonoManager ReloadAssembly
Native extension for WindowsStandalone target not found
Refreshing native plugins compatible for Editor in 0.66 ms, found 3 plugins.
Preloading 0 native plugins for Editor in 0.00 ms.
Mono: successfully reloaded assembly
- Completed reload, in  1.832 seconds
Platform modules already initialized, skipping
Refreshing native plugins compatible for Editor in 0.69 ms, found 3 plugins.
Preloading 0 native plugins for Editor in 0.00 ms.
Unloading 2379 Unused Serialized files (Serialized files now loaded: 0)
System memory in use before: 107.1 MB.
System memory in use after: 107.2 MB.

Unloading 21 unused Assets to reduce memory usage. Loaded Objects now: 2927.
Total: 4.294300 ms (FindLiveObjects: 0.334900 ms CreateObjectMapping: 0.164300 ms MarkObjects: 3.600100 ms  DeleteObjects: 0.192800 ms)

========================================================================
Received Prepare
Registering precompiled user dll's ...
Registered in 0.003983 seconds.
Begin MonoManager ReloadAssembly
Native extension for WindowsStandalone target not found
Refreshing native plugins compatible for Editor in 0.92 ms, found 3 plugins.
Preloading 0 native plugins for Editor in 0.00 ms.
Mono: successfully reloaded assembly
- Completed reload, in  1.797 seconds
Platform modules already initialized, skipping
Refreshing native plugins compatible for Editor in 0.67 ms, found 3 plugins.
Preloading 0 native plugins for Editor in 0.00 ms.
Unloading 2379 Unused Serialized files (Serialized files now loaded: 0)
System memory in use before: 107.2 MB.
System memory in use after: 107.3 MB.

Unloading 21 unused Assets to reduce memory usage. Loaded Objects now: 2931.
Total: 5.115600 ms (FindLiveObjects: 0.359400 ms CreateObjectMapping: 0.257100 ms MarkObjects: 4.275900 ms  DeleteObjects: 0.221200 ms)

========================================================================
Received Prepare
Registering precompiled user dll's ...
Registered in 0.004610 seconds.
Begin MonoManager ReloadAssembly
Native extension for WindowsStandalone target not found
Refreshing native plugins compatible for Editor in 0.69 ms, found 3 plugins.
Preloading 0 native plugins for Editor in 0.00 ms.
Mono: successfully reloaded assembly
- Completed reload, in  1.919 seconds
Platform modules already initialized, skipping
Refreshing native plugins compatible for Editor in 1.26 ms, found 3 plugins.
Preloading 0 native plugins for Editor in 0.00 ms.
Unloading 2379 Unused Serialized files (Serialized files now loaded: 0)
System memory in use before: 107.2 MB.
System memory in use after: 107.3 MB.

Unloading 21 unused Assets to reduce memory usage. Loaded Objects now: 2935.
Total: 7.240400 ms (FindLiveObjects: 0.827400 ms CreateObjectMapping: 0.336300 ms MarkObjects: 5.856400 ms  DeleteObjects: 0.217700 ms)

