Using pre-set license
Built from '2020.3/staging' branch; Version is '2020.3.10f1 (297d780c91bc) revision 2719096'; Using compiler version '192528614'; Build Type 'Release'
OS: 'Windows 10 Pro; OS build 19042.631; Version 2009; 64bit' Language: 'ru' Physical Memory: 8066 MB
BatchMode: 1, IsHumanControllingUs: 0, StartBugReporterOnCrash: 0, Is64bit: 1, IsPro: 0

 COMMAND LINE ARGUMENTS:
D:\UnitEngine\2020.3.10f1\Editor\Unity.exe
-adb2
-batchMode
-noUpm
-name
AssetImportWorker0
-projectPath
D:/Desktop/Projects/Unity/Special-Unit-13/Special Unit 13
-logFile
Logs/AssetImportWorker0.log
-srvPort
55345
Successfully changed project path to: D:/Desktop/Projects/Unity/Special-Unit-13/Special Unit 13
D:/Desktop/Projects/Unity/Special-Unit-13/Special Unit 13
Using Asset Import Pipeline V2.
Refreshing native plugins compatible for Editor in 73.91 ms, found 3 plugins.
Preloading 0 native plugins for Editor in 0.00 ms.
Initialize engine version: 2020.3.10f1 (297d780c91bc)
[Subsystems] Discovering subsystems at path D:/UnitEngine/2020.3.10f1/Editor/Data/Resources/UnitySubsystems
[Subsystems] Discovering subsystems at path D:/Desktop/Projects/Unity/Special-Unit-13/Special Unit 13/Assets
GfxDevice: creating device client; threaded=0
Direct3D:
    Version:  Direct3D 11.0 [level 11.0]
    Renderer: NVIDIA GeForce 940MX (ID=0x134d)
    Vendor:   
    VRAM:     2020 MB
    Driver:   23.21.13.8875
Initialize mono
Mono path[0] = 'D:/UnitEngine/2020.3.10f1/Editor/Data/Managed'
Mono path[1] = 'D:/UnitEngine/2020.3.10f1/Editor/Data/MonoBleedingEdge/lib/mono/unityjit'
Mono config path = 'D:/UnitEngine/2020.3.10f1/Editor/Data/MonoBleedingEdge/etc'
Using monoOptions --debugger-agent=transport=dt_socket,embedding=1,server=y,suspend=n,address=127.0.0.1:56424
Begin MonoManager ReloadAssembly
Registering precompiled unity dll's ...
Register platform support module: D:/UnitEngine/2020.3.10f1/Editor/Data/PlaybackEngines/WindowsStandaloneSupport/UnityEditor.WindowsStandalone.Extensions.dll
Registered in 0.001376 seconds.
Native extension for WindowsStandalone target not found
Refreshing native plugins compatible for Editor in 74.66 ms, found 3 plugins.
Preloading 0 native plugins for Editor in 0.00 ms.
Mono: successfully reloaded assembly
- Completed reload, in  2.553 seconds
Platform modules already initialized, skipping
Registering precompiled user dll's ...
Registered in 0.003910 seconds.
Begin MonoManager ReloadAssembly
Native extension for WindowsStandalone target not found
Refreshing native plugins compatible for Editor in 73.33 ms, found 3 plugins.
Preloading 0 native plugins for Editor in 0.00 ms.
Mono: successfully reloaded assembly
- Completed reload, in  1.869 seconds
Platform modules already initialized, skipping
========================================================================
Worker process is ready to serve import requests
Launched and connected shader compiler UnityShaderCompiler.exe after 0.05 seconds
Refreshing native plugins compatible for Editor in 0.66 ms, found 3 plugins.
Preloading 0 native plugins for Editor in 0.00 ms.
Unloading 2383 Unused Serialized files (Serialized files now loaded: 0)
System memory in use before: 103.5 MB.
System memory in use after: 103.6 MB.

Unloading 35 unused Assets to reduce memory usage. Loaded Objects now: 2819.
Total: 4.346200 ms (FindLiveObjects: 0.348100 ms CreateObjectMapping: 0.180100 ms MarkObjects: 3.546700 ms  DeleteObjects: 0.269000 ms)

========================================================================
Received Import Request.
  path: Assets/Prefabs/Guns/hitEffect.prefab
  artifactKey: Guid(8e4d1f14de09ecd458cf8a8ef207d3e8) Importer(815301076,1909f56bfc062723c751e8b465ee728b)
Start importing Assets/Prefabs/Guns/hitEffect.prefab using Guid(8e4d1f14de09ecd458cf8a8ef207d3e8) Importer(815301076,1909f56bfc062723c751e8b465ee728b)  -> (artifact id: 'c3dd220d92e22fa78610d6c651a0532a') in 0.149757 seconds
  Import took 0.157903 seconds .

========================================================================
Received Import Request.
  Time since last request: 0.043329 seconds.
  path: Assets/Prefabs/Guns/hitEffect.prefab
  artifactKey: Guid(8e4d1f14de09ecd458cf8a8ef207d3e8) Importer(815301076,1909f56bfc062723c751e8b465ee728b)
Start importing Assets/Prefabs/Guns/hitEffect.prefab using Guid(8e4d1f14de09ecd458cf8a8ef207d3e8) Importer(815301076,1909f56bfc062723c751e8b465ee728b)  -> (artifact id: 'c3dd220d92e22fa78610d6c651a0532a') in 0.011758 seconds
  Import took 0.018090 seconds .

========================================================================
Received Prepare
Registering precompiled user dll's ...
Registered in 0.015164 seconds.
Begin MonoManager ReloadAssembly
Native extension for WindowsStandalone target not found
Refreshing native plugins compatible for Editor in 0.65 ms, found 3 plugins.
Preloading 0 native plugins for Editor in 0.00 ms.
Mono: successfully reloaded assembly
- Completed reload, in  1.602 seconds
Platform modules already initialized, skipping
Refreshing native plugins compatible for Editor in 0.65 ms, found 3 plugins.
Preloading 0 native plugins for Editor in 0.00 ms.
Unloading 2378 Unused Serialized files (Serialized files now loaded: 0)
System memory in use before: 106.7 MB.
System memory in use after: 106.8 MB.

Unloading 21 unused Assets to reduce memory usage. Loaded Objects now: 2830.
Total: 4.423600 ms (FindLiveObjects: 0.328000 ms CreateObjectMapping: 0.266100 ms MarkObjects: 3.676900 ms  DeleteObjects: 0.151000 ms)

AssetImportWorkerClient::OnTransportError - code=2 error=End of file
